<?xml version="1.0" encoding="UTF-8"?>
<!-- Generated by org.testng.reporters.JUnitReportReporter -->
<testsuite hostname="DESKTOP-MCNMEK9" failures="0" tests="3" name="com.happyfaresdemo.config.Webdriverconfig" time="17.461" errors="0" timestamp="28 Jun 2022 20:37:32 GMT" skipped="0">
  <testcase classname="com.happyfaresdemo.config.Webdriverconfig" name="Chromeconfig" time="10.097"/>
  <testcase classname="com.happyfaresdemo.config.Webdriverconfig" name="Chromeconfig" time="3.698"/>
  <testcase classname="com.happyfaresdemo.config.Webdriverconfig" name="Chromeconfig" time="3.666"/>
</testsuite> <!-- com.happyfaresdemo.config.Webdriverconfig -->
