<?xml version="1.0" encoding="UTF-8"?>
<!-- Generated by org.testng.reporters.JUnitReportReporter -->
<testsuite hostname="DESKTOP-MCNMEK9" failures="0" tests="1" name="com.happyfaresdemo.operations.Operation" time="6.299" errors="0" timestamp="28 Jun 2022 22:28:26 GMT" skipped="0">
  <testcase classname="com.happyfaresdemo.operations.Operation" name="perform" time="6.299"/>
</testsuite> <!-- com.happyfaresdemo.operations.Operation -->
